2019-03-19T11:36:08,500 [TestNG-test=login-2] INFO web.ui.BasePage - web.ui.BasePage定位:"搜索" 元素成功
2019-03-19T11:36:08,642 [TestNG-test=login-2] INFO web.ui.BasePage - web.ui.BasePage在:"搜索" 文本框中输入m4和AK哪个好成功
2019-03-19T11:36:08,653 [TestNG-test=login-2] INFO web.ui.BasePage - web.ui.BasePage定位:"百度一下" 元素成功
2019-03-19T11:36:08,900 [TestNG-test=login-2] INFO web.ui.BasePage - web.ui.BasePage点击:"百度一下" 按钮成功
2019-03-19T14:49:26,295 [TestNG-test=login-2] INFO web.ui.BasePage - web.ui.BasePage定位:"搜索" 元素成功
2019-03-19T14:49:26,373 [TestNG-test=login-2] INFO web.ui.BasePage - web.ui.BasePage在:"搜索" 文本框中输入git成功
2019-03-19T14:49:26,386 [TestNG-test=login-2] INFO web.ui.BasePage - web.ui.BasePage定位:"百度一下" 元素成功
2019-03-19T14:49:26,654 [TestNG-test=login-2] INFO web.ui.BasePage - web.ui.BasePage点击:"百度一下" 按钮成功
2019-03-19T14:52:41,641 [TestNG-test=login-2] INFO web.ui.BasePage - web.ui.BasePage定位:"搜索" 元素成功
2019-03-19T14:52:41,737 [TestNG-test=login-2] INFO web.ui.BasePage - web.ui.BasePage在:"搜索" 文本框中输入git成功
2019-03-19T14:52:41,752 [TestNG-test=login-2] INFO web.ui.BasePage - web.ui.BasePage定位:"百度一下" 元素成功
2019-03-19T14:52:41,990 [TestNG-test=login-2] INFO web.ui.BasePage - web.ui.BasePage点击:"百度一下" 按钮成功
2019-03-19T14:52:42,074 [TestNG-test=login-2] INFO utils.PrtScr - utils.PrtScrlogin2：失败截图成功
2019-03-19T14:52:42,074 [TestNG-test=login-2] INFO utils.PrtScr - utils.PrtScr失败截图保存的路径:D:\myjava\javaproject\subor\截图\Firefox\login2失败截图20190319_145241.jpg
2019-03-19T14:54:41,194 [TestNG-test=login-2] INFO web.ui.BasePage - web.ui.BasePage定位:"搜索" 元素成功
2019-03-19T14:54:41,275 [TestNG-test=login-2] INFO web.ui.BasePage - web.ui.BasePage在:"搜索" 文本框中输入git成功
2019-03-19T14:54:41,282 [TestNG-test=login-2] INFO web.ui.BasePage - web.ui.BasePage定位:"百度一下" 元素成功
2019-03-19T14:54:41,531 [TestNG-test=login-2] INFO web.ui.BasePage - web.ui.BasePage点击:"百度一下" 按钮成功
2019-03-19T14:54:41,613 [TestNG-test=login-2] INFO utils.PrtScr - utils.PrtScrlogin2：失败截图成功
2019-03-19T14:54:41,613 [TestNG-test=login-2] INFO utils.PrtScr - utils.PrtScr失败截图保存的路径:D:\myjava\javaproject\subor\截图\web/Firefox\login2失败截图20190319_145441.jpg
2019-03-19T14:55:55,851 [TestNG-test=login-2] INFO web.ui.BasePage - web.ui.BasePage定位:"搜索" 元素成功
2019-03-19T14:55:55,927 [TestNG-test=login-2] INFO web.ui.BasePage - web.ui.BasePage在:"搜索" 文本框中输入git成功
2019-03-19T14:55:55,940 [TestNG-test=login-2] INFO web.ui.BasePage - web.ui.BasePage定位:"百度一下" 元素成功
2019-03-19T14:55:56,197 [TestNG-test=login-2] INFO web.ui.BasePage - web.ui.BasePage点击:"百度一下" 按钮成功
2019-03-19T14:55:56,284 [TestNG-test=login-2] INFO utils.PrtScr - utils.PrtScrlogin2：失败截图成功
2019-03-19T14:55:56,284 [TestNG-test=login-2] INFO utils.PrtScr - utils.PrtScr失败截图保存的路径:D:\myjava\javaproject\subor\截图\web\Firefox\login2失败截图20190319_145556.jpg
2019-03-22T14:56:47,701 [TestNG-test=login-2] INFO web.ui.BasePage - web.ui.BasePage定位:"搜索" 元素成功
2019-03-22T14:56:47,791 [TestNG-test=login-2] INFO web.ui.BasePage - web.ui.BasePage在:"搜索" 文本框中输入git成功
2019-03-22T14:56:47,806 [TestNG-test=login-2] INFO web.ui.BasePage - web.ui.BasePage定位:"百度一下" 元素成功
2019-03-22T14:56:48,052 [TestNG-test=login-2] INFO web.ui.BasePage - web.ui.BasePage点击:"百度一下" 按钮成功
2019-03-22T14:56:48,140 [TestNG-test=login-2] INFO utils.PrtScr - utils.PrtScrlogin2：失败截图成功
2019-03-22T14:56:48,141 [TestNG-test=login-2] INFO utils.PrtScr - utils.PrtScr失败截图保存的路径:D:\myjava\javaproject\subor\截图\web\Firefox\login2失败截图20190322_145648.jpg
2019-03-22T15:08:45,092 [TestNG-test=login-2] INFO web.ui.BasePage - web.ui.BasePage定位:"搜索" 元素成功
2019-03-22T15:08:45,181 [TestNG-test=login-2] INFO web.ui.BasePage - web.ui.BasePage在:"搜索" 文本框中输入git成功
2019-03-22T15:08:45,191 [TestNG-test=login-2] INFO web.ui.BasePage - web.ui.BasePage定位:"百度一下" 元素成功
2019-03-22T15:08:45,430 [TestNG-test=login-2] INFO web.ui.BasePage - web.ui.BasePage点击:"百度一下" 按钮成功
2019-03-22T15:08:45,509 [TestNG-test=login-2] INFO utils.PrtScr - utils.PrtScrlogin2：失败截图成功
2019-03-22T15:08:45,509 [TestNG-test=login-2] INFO utils.PrtScr - utils.PrtScr失败截图保存的路径:D:\myjava\javaproject\subor\截图\web\Firefox\login2失败截图20190322_150845.jpg
2019-03-22T15:09:06,073 [TestNG-test=login-2] INFO web.ui.BasePage - web.ui.BasePage定位:"搜索" 元素成功
2019-03-22T15:09:06,161 [TestNG-test=login-2] INFO web.ui.BasePage - web.ui.BasePage在:"搜索" 文本框中输入git成功
2019-03-22T15:09:06,170 [TestNG-test=login-2] INFO web.ui.BasePage - web.ui.BasePage定位:"百度一下" 元素成功
2019-03-22T15:09:06,403 [TestNG-test=login-2] INFO web.ui.BasePage - web.ui.BasePage点击:"百度一下" 按钮成功
2019-03-22T15:09:06,496 [TestNG-test=login-2] INFO utils.PrtScr - utils.PrtScrlogin2：失败截图成功
2019-03-22T15:09:06,496 [TestNG-test=login-2] INFO utils.PrtScr - utils.PrtScr失败截图保存的路径:D:\myjava\javaproject\subor\截图\web\Firefox\login2失败截图20190322_150906.jpg
2019-03-22T15:15:56,760 [TestNG-test=login-2] INFO web.ui.BasePage - web.ui.BasePage定位:"搜索" 元素成功
2019-03-22T15:15:56,851 [TestNG-test=login-2] INFO web.ui.BasePage - web.ui.BasePage在:"搜索" 文本框中输入git成功
2019-03-22T15:15:56,860 [TestNG-test=login-2] INFO web.ui.BasePage - web.ui.BasePage定位:"百度一下" 元素成功
2019-03-22T15:15:57,095 [TestNG-test=login-2] INFO web.ui.BasePage - web.ui.BasePage点击:"百度一下" 按钮成功
2019-03-22T15:15:57,174 [TestNG-test=login-2] INFO utils.PrtScr - utils.PrtScrlogin2：失败截图成功
2019-03-22T15:15:57,174 [TestNG-test=login-2] INFO utils.PrtScr - utils.PrtScr失败截图保存的路径:D:\myjava\javaproject\subor\截图\web\Firefox\login2失败截图20190322_151557.jpg
2019-03-23T11:18:53,302 [TestNG-test=login-2] INFO web.ui.BasePage - web.ui.BasePage定位:"搜索" 元素成功
2019-03-23T11:18:53,743 [TestNG-test=login-2] INFO web.ui.BasePage - web.ui.BasePage在:"搜索" 文本框中输入git成功
2019-03-23T11:18:53,761 [TestNG-test=login-2] INFO web.ui.BasePage - web.ui.BasePage定位:"百度一下" 元素成功
2019-03-23T11:18:54,036 [TestNG-test=login-2] INFO web.ui.BasePage - web.ui.BasePage点击:"百度一下" 按钮成功
2019-03-23T11:18:54,144 [TestNG-test=login-2] INFO utils.PrtScr - utils.PrtScrlogin2：失败截图成功
2019-03-23T11:18:54,145 [TestNG-test=login-2] INFO utils.PrtScr - utils.PrtScr失败截图保存的路径:E:\myjava\subor\截图\web\Firefox\login2失败截图20190323_111854.jpg
