2019-03-19T11:36:09,212 [TestNG-test=login-1] INFO web.ui.BasePage - web.ui.BasePage定位:"搜索" 元素成功
2019-03-19T11:36:09,415 [TestNG-test=login-1] INFO web.ui.BasePage - web.ui.BasePage在:"搜索" 文本框中输入m4和AK哪个好成功
2019-03-19T11:36:09,433 [TestNG-test=login-1] INFO web.ui.BasePage - web.ui.BasePage定位:"百度一下" 元素成功
2019-03-19T11:36:09,507 [TestNG-test=login-1] INFO web.ui.BasePage - web.ui.BasePage点击:"百度一下" 按钮成功
2019-03-19T14:49:27,001 [TestNG-test=login-1] INFO web.ui.BasePage - web.ui.BasePage定位:"搜索" 元素成功
2019-03-19T14:49:27,101 [TestNG-test=login-1] INFO web.ui.BasePage - web.ui.BasePage在:"搜索" 文本框中输入git成功
2019-03-19T14:49:27,120 [TestNG-test=login-1] INFO web.ui.BasePage - web.ui.BasePage定位:"百度一下" 元素成功
2019-03-19T14:49:27,232 [TestNG-test=login-1] INFO web.ui.BasePage - web.ui.BasePage点击:"百度一下" 按钮成功
2019-03-19T14:52:42,257 [TestNG-test=login-1] INFO web.ui.BasePage - web.ui.BasePage定位:"搜索" 元素成功
2019-03-19T14:52:42,366 [TestNG-test=login-1] INFO web.ui.BasePage - web.ui.BasePage在:"搜索" 文本框中输入git成功
2019-03-19T14:52:42,384 [TestNG-test=login-1] INFO web.ui.BasePage - web.ui.BasePage定位:"百度一下" 元素成功
2019-03-19T14:52:42,441 [TestNG-test=login-1] INFO web.ui.BasePage - web.ui.BasePage点击:"百度一下" 按钮成功
2019-03-19T14:52:42,890 [TestNG-test=login-1] INFO utils.PrtScr - utils.PrtScrlogin：失败截图成功
2019-03-19T14:52:42,890 [TestNG-test=login-1] INFO utils.PrtScr - utils.PrtScr失败截图保存的路径:D:\myjava\javaproject\subor\截图\Google\login失败截图20190319_145242.jpg
2019-03-19T14:54:41,778 [TestNG-test=login-1] INFO web.ui.BasePage - web.ui.BasePage定位:"搜索" 元素成功
2019-03-19T14:54:41,885 [TestNG-test=login-1] INFO web.ui.BasePage - web.ui.BasePage在:"搜索" 文本框中输入git成功
2019-03-19T14:54:41,902 [TestNG-test=login-1] INFO web.ui.BasePage - web.ui.BasePage定位:"百度一下" 元素成功
2019-03-19T14:54:41,967 [TestNG-test=login-1] INFO web.ui.BasePage - web.ui.BasePage点击:"百度一下" 按钮成功
2019-03-19T14:54:42,478 [TestNG-test=login-1] INFO utils.PrtScr - utils.PrtScrlogin：失败截图成功
2019-03-19T14:54:42,478 [TestNG-test=login-1] INFO utils.PrtScr - utils.PrtScr失败截图保存的路径:D:\myjava\javaproject\subor\截图\web/Google\login失败截图20190319_145441.jpg
2019-03-19T14:55:56,669 [TestNG-test=login-1] INFO web.ui.BasePage - web.ui.BasePage定位:"搜索" 元素成功
2019-03-19T14:55:56,845 [TestNG-test=login-1] INFO web.ui.BasePage - web.ui.BasePage在:"搜索" 文本框中输入git成功
2019-03-19T14:55:56,867 [TestNG-test=login-1] INFO web.ui.BasePage - web.ui.BasePage定位:"百度一下" 元素成功
2019-03-19T14:55:56,944 [TestNG-test=login-1] INFO web.ui.BasePage - web.ui.BasePage点击:"百度一下" 按钮成功
2019-03-19T14:55:57,338 [TestNG-test=login-1] INFO utils.PrtScr - utils.PrtScrlogin：失败截图成功
2019-03-19T14:55:57,339 [TestNG-test=login-1] INFO utils.PrtScr - utils.PrtScr失败截图保存的路径:D:\myjava\javaproject\subor\截图\web\Google\login失败截图20190319_145556.jpg
2019-03-22T14:56:52,328 [TestNG-test=login-1] INFO web.ui.BasePage - web.ui.BasePage定位:"搜索" 元素成功
2019-03-22T14:56:52,566 [TestNG-test=login-1] INFO web.ui.BasePage - web.ui.BasePage在:"搜索" 文本框中输入git成功
2019-03-22T14:56:52,604 [TestNG-test=login-1] INFO web.ui.BasePage - web.ui.BasePage定位:"百度一下" 元素成功
2019-03-22T14:56:52,696 [TestNG-test=login-1] INFO web.ui.BasePage - web.ui.BasePage点击:"百度一下" 按钮成功
2019-03-22T14:56:53,092 [TestNG-test=login-1] INFO utils.PrtScr - utils.PrtScrlogin：失败截图成功
2019-03-22T14:56:53,092 [TestNG-test=login-1] INFO utils.PrtScr - utils.PrtScr失败截图保存的路径:D:\myjava\javaproject\subor\截图\web\Google\login失败截图20190322_145652.jpg
2019-03-22T15:08:45,690 [TestNG-test=login-1] INFO web.ui.BasePage - web.ui.BasePage定位:"搜索" 元素成功
2019-03-22T15:08:45,800 [TestNG-test=login-1] INFO web.ui.BasePage - web.ui.BasePage在:"搜索" 文本框中输入git成功
2019-03-22T15:08:45,818 [TestNG-test=login-1] INFO web.ui.BasePage - web.ui.BasePage定位:"百度一下" 元素成功
2019-03-22T15:08:45,880 [TestNG-test=login-1] INFO web.ui.BasePage - web.ui.BasePage点击:"百度一下" 按钮成功
2019-03-22T15:08:46,327 [TestNG-test=login-1] INFO utils.PrtScr - utils.PrtScrlogin：失败截图成功
2019-03-22T15:08:46,327 [TestNG-test=login-1] INFO utils.PrtScr - utils.PrtScr失败截图保存的路径:D:\myjava\javaproject\subor\截图\web\Google\login失败截图20190322_150845.jpg
2019-03-22T15:09:06,745 [TestNG-test=login-1] INFO web.ui.BasePage - web.ui.BasePage定位:"搜索" 元素成功
2019-03-22T15:09:06,853 [TestNG-test=login-1] INFO web.ui.BasePage - web.ui.BasePage在:"搜索" 文本框中输入git成功
2019-03-22T15:09:06,876 [TestNG-test=login-1] INFO web.ui.BasePage - web.ui.BasePage定位:"百度一下" 元素成功
2019-03-22T15:09:06,948 [TestNG-test=login-1] INFO web.ui.BasePage - web.ui.BasePage点击:"百度一下" 按钮成功
2019-03-22T15:09:07,456 [TestNG-test=login-1] INFO utils.PrtScr - utils.PrtScrlogin：失败截图成功
2019-03-22T15:09:07,457 [TestNG-test=login-1] INFO utils.PrtScr - utils.PrtScr失败截图保存的路径:D:\myjava\javaproject\subor\截图\web\Google\login失败截图20190322_150906.jpg
2019-03-22T15:15:57,394 [TestNG-test=login-1] INFO web.ui.BasePage - web.ui.BasePage定位:"搜索" 元素成功
2019-03-22T15:15:57,499 [TestNG-test=login-1] INFO web.ui.BasePage - web.ui.BasePage在:"搜索" 文本框中输入git成功
2019-03-22T15:15:57,518 [TestNG-test=login-1] INFO web.ui.BasePage - web.ui.BasePage定位:"百度一下" 元素成功
2019-03-22T15:15:57,592 [TestNG-test=login-1] INFO web.ui.BasePage - web.ui.BasePage点击:"百度一下" 按钮成功
2019-03-22T15:15:58,071 [TestNG-test=login-1] INFO utils.PrtScr - utils.PrtScrlogin：失败截图成功
2019-03-22T15:15:58,071 [TestNG-test=login-1] INFO utils.PrtScr - utils.PrtScr失败截图保存的路径:D:\myjava\javaproject\subor\截图\web\Google\login失败截图20190322_151557.jpg
2019-03-23T11:18:37,698 [TestNG-test=login-1] INFO web.ui.BasePage - web.ui.BasePage定位:"搜索" 元素成功
2019-03-23T11:18:38,482 [TestNG-test=login-1] INFO web.ui.BasePage - web.ui.BasePage在:"搜索" 文本框中输入git成功
2019-03-23T11:18:38,624 [TestNG-test=login-1] ERROR web.ui.BasePage - web.ui.BasePage定位:百度一下 元素失败
2019-03-23T11:18:39,143 [TestNG-test=login-1] ERROR web.ui.BasePage - web.ui.BasePage定位:百度一下 元素失败
2019-03-23T11:18:39,651 [TestNG-test=login-1] ERROR web.ui.BasePage - web.ui.BasePage定位:百度一下 元素失败
2019-03-23T11:18:40,165 [TestNG-test=login-1] ERROR web.ui.BasePage - web.ui.BasePage定位:百度一下 元素失败
2019-03-23T11:18:40,676 [TestNG-test=login-1] ERROR web.ui.BasePage - web.ui.BasePage定位:百度一下 元素失败
2019-03-23T11:18:41,204 [TestNG-test=login-1] ERROR web.ui.BasePage - web.ui.BasePage定位:百度一下 元素失败
2019-03-23T11:18:41,729 [TestNG-test=login-1] ERROR web.ui.BasePage - web.ui.BasePage定位:百度一下 元素失败
2019-03-23T11:18:42,237 [TestNG-test=login-1] ERROR web.ui.BasePage - web.ui.BasePage定位:百度一下 元素失败
2019-03-23T11:18:42,759 [TestNG-test=login-1] ERROR web.ui.BasePage - web.ui.BasePage定位:百度一下 元素失败
2019-03-23T11:18:43,266 [TestNG-test=login-1] ERROR web.ui.BasePage - web.ui.BasePage定位:百度一下 元素失败
2019-03-23T11:18:43,820 [TestNG-test=login-1] ERROR web.ui.BasePage - web.ui.BasePage定位:百度一下 元素失败
2019-03-23T11:18:43,822 [TestNG-test=login-1] ERROR web.ui.BasePage - web.ui.BasePage点击:"百度一下" 按钮失败
2019-03-23T11:18:43,839 [TestNG-test=login-1] ERROR utils.OverrideIReTry - utils.OverrideIReTry Method FirefoxTest Execution failed, retry1Times
2019-03-23T11:18:48,483 [TestNG-test=login-1] INFO web.ui.BasePage - web.ui.BasePagepageName:baidu type:Google
2019-03-23T11:18:59,124 [TestNG-test=login-1] INFO web.ui.BasePage - web.ui.BasePage浏览器最大化
2019-03-23T11:18:59,125 [TestNG-test=login-1] INFO web.ui.BasePage - web.ui.BasePage打开【https://www.baidu.com】页面
2019-03-23T11:18:59,209 [TestNG-test=login-1] INFO web.ui.BasePage - web.ui.BasePage定位:"搜索" 元素成功
2019-03-23T11:18:59,658 [TestNG-test=login-1] INFO web.ui.BasePage - web.ui.BasePage在:"搜索" 文本框中输入git成功
2019-03-23T11:18:59,749 [TestNG-test=login-1] INFO web.ui.BasePage - web.ui.BasePage定位:"百度一下" 元素成功
2019-03-23T11:19:00,015 [TestNG-test=login-1] INFO web.ui.BasePage - web.ui.BasePage点击:"百度一下" 按钮成功
2019-03-23T11:19:00,537 [TestNG-test=login-1] INFO utils.PrtScr - utils.PrtScrlogin：失败截图成功
2019-03-23T11:19:00,538 [TestNG-test=login-1] INFO utils.PrtScr - utils.PrtScr失败截图保存的路径:E:\myjava\subor\截图\web\Google\login失败截图20190323_111900.jpg
